<?xml version="1.0" encoding="UTF-8"?>
<testng-results skipped="0" failed="0" ignored="0" total="1" passed="1">
  <reporter-output>
  </reporter-output>
  <suite name="Default suite" duration-ms="16074" started-at="2020-04-28T11:52:09 EEST" finished-at="2020-04-28T11:52:25 EEST">
    <groups>
    </groups>
    <test name="Default test" duration-ms="16074" started-at="2020-04-28T11:52:09 EEST" finished-at="2020-04-28T11:52:25 EEST">
      <class name="Test.Test_ViaTransilvanica_2">
        <test-method status="PASS" signature="setup()[pri:0, instance:Test.Test_ViaTransilvanica_2@1188e820]" name="setup" is-config="true" duration-ms="8107" started-at="2020-04-28T11:52:09 EEST" finished-at="2020-04-28T11:52:18 EEST">
          <reporter-output>
          </reporter-output>
        </test-method> <!-- setup -->
        <test-method status="PASS" signature="test_AchizitioneazaBorna()[pri:0, instance:Test.Test_ViaTransilvanica_2@1188e820]" name="test_AchizitioneazaBorna" duration-ms="7905" started-at="2020-04-28T11:52:18 EEST" finished-at="2020-04-28T11:52:25 EEST">
          <reporter-output>
          </reporter-output>
        </test-method> <!-- test_AchizitioneazaBorna -->
      </class> <!-- Test.Test_ViaTransilvanica_2 -->
    </test> <!-- Default test -->
  </suite> <!-- Default suite -->
</testng-results>
